<?xml version="1.0" encoding="UTF-8"?>
<!-- Generated by org.testng.reporters.JUnitXMLReporter -->
<testsuite hostname="QT-INNO-LT1451" ignored="0" name="Test" tests="1" failures="1" timestamp="2022-01-25T17:28:22 IST" time="2.072" errors="0">
  <testcase name="postComplexJson" time="2.038" classname="org.testing.testScripts.TC7_PostComplexJson">
    <failure type="java.lang.AssertionError" message="Data is not matching expected [Love and Life] but found [Sword of Honour]">
      <![CDATA[java.lang.AssertionError: Data is not matching expected [Love and Life] but found [Sword of Honour]
at org.testing.responseValidation.ResponseValidator.hardValidateResponseData(ResponseValidator.java:49)
at org.testing.testScripts.TC7_PostComplexJson.postComplexJson(TC7_PostComplexJson.java:29)
at java.util.ArrayList.forEach(Unknown Source)
... Removed 32 stack frames]]>
    </failure>
  </testcase> <!-- postComplexJson -->
</testsuite> <!-- Test -->
